<?xml version="1.0" encoding="UTF-8"?>
<!-- Generated by org.testng.reporters.JUnitXMLReporter -->
<testsuite ignored="3" hostname="MCM-PC" failures="1" tests="1" name="Default test(failed)" time="0.127" errors="0" timestamp="2022-11-21T23:03:13 IST">
  <testcase classname="testNgXML.failed" name="A" time="0.025">
    <failure type="java.lang.AssertionError" message="null">
      <![CDATA[java.lang.AssertionError: null
at testNgXML.failed.A(failed.java:11)
at java.base/java.util.ArrayList.forEach(ArrayList.java:1541)
... Removed 29 stack frames]]>
    </failure>
  </testcase> <!-- A -->
  <testcase classname="testNgXML.failed" name="C" time="0.0">
    <ignored/>
  </testcase> <!-- C -->
  <testcase classname="testNgXML.failed" name="D" time="0.0">
    <ignored/>
  </testcase> <!-- D -->
  <testcase classname="testNgXML.failed" name="B" time="0.0">
    <ignored/>
  </testcase> <!-- B -->
</testsuite> <!-- Default test(failed) -->
